<?xml version="1.0" encoding="UTF-8"?>
<testng-results ignored="0" total="1" passed="1" failed="0" skipped="0">
  <reporter-output>
  </reporter-output>
  <suite started-at="2026-04-14T17:59:02 IST" name="Default suite" finished-at="2026-04-14T17:59:38 IST" duration-ms="36175">
    <groups>
    </groups>
    <test started-at="2026-04-14T17:59:02 IST" name="Default test" finished-at="2026-04-14T17:59:38 IST" duration-ms="36175">
      <class name="appium.mdaAPP">
        <test-method signature="AppiumTest()[pri:0, instance:appium.mdaAPP@7d8995e]" started-at="2026-04-14T17:59:02 IST" name="AppiumTest" finished-at="2026-04-14T17:59:38 IST" duration-ms="36121" status="PASS">
          <reporter-output>
          </reporter-output>
        </test-method> <!-- AppiumTest -->
      </class> <!-- appium.mdaAPP -->
    </test> <!-- Default test -->
  </suite> <!-- Default suite -->
</testng-results>
